Added Component: Designator=C2(0402)
Added Component: Designator=J(sh-2.0)
Added Component: Designator=R1(0402)
Added Component: Designator=R2(0402)
Added Pin To Net: NetName=GND Pin=C2-1
Added Pin To Net: NetName=GND Pin=J-1
Added Pin To Net: NetName=GND Pin=R1-1
Added Net: Name=GND
Added Pin To Net: NetName=NetC1_1 Pin=R1-2
Added Pin To Net: NetName=NetC1_1 Pin=R2-1
Added Net: Name=NetC1_1
Added Pin To Net: NetName=NetC1_2 Pin=C2-2
Added Pin To Net: NetName=NetC1_2 Pin=J-2
Added Net: Name=NetC1_2
Added Pin To Net: NetName=NetJ_3 Pin=J-3
Added Pin To Net: NetName=NetJ_3 Pin=J-3
Added Pin To Net: NetName=NetJ_3 Pin=R2-2
Added Net: Name=NetJ_3
Added Class: Name=Sheet1
Added Room: Name=Sheet1
